<?xml version="1.0" encoding="UTF-8"?>
<!-- Generated by org.testng.reporters.JUnitReportReporter -->
<testsuite hostname="DESKTOP-VTBVC1P" failures="0" tests="3" name="Loan" time="15.416" errors="0" timestamp="16 Oct 2024 23:05:59 GMT" skipped="0">
  <testcase classname="Loan" name="testMethodwithMultiData" time="5.856"/>
  <testcase classname="Loan" name="testMethodwithMultiData" time="4.804"/>
  <testcase classname="Loan" name="testMethodwithMultiData" time="4.756"/>
</testsuite> <!-- Loan -->
