<?xml version="1.0" encoding="UTF-8"?>
<!-- Generated by org.testng.reporters.JUnitReportReporter -->
<testsuite hostname="DESKTOP-VTBVC1P" failures="0" tests="3" name="DemoTestNG" time="9.545" errors="0" timestamp="15 Oct 2024 04:16:03 GMT" skipped="0">
  <testcase classname="DemoTestNG" name="verifyTitle" time="2.944"/>
  <testcase classname="DemoTestNG" name="verifyGmailLink" time="3.592"/>
  <testcase classname="DemoTestNG" name="verifyImagesLink" time="3.009"/>
</testsuite> <!-- DemoTestNG -->
