<?xml version="1.0" encoding="UTF-8"?>
<!-- Generated by org.testng.reporters.JUnitReportReporter -->
<testsuite hostname="DESKTOP-VTBVC1P" failures="0" tests="2" name="DemoClass" time="22.327" errors="0" timestamp="24 Oct 2024 10:38:16 GMT" skipped="0">
  <testcase classname="DemoClass" name="myTest" time="10.612"/>
  <testcase classname="DemoClass" name="myTest" time="11.715"/>
</testsuite> <!-- DemoClass -->
