<?xml version="1.0" encoding="UTF-8"?>
<!-- Generated by org.testng.reporters.JUnitReportReporter -->
<testsuite hostname="DESKTOP-VTBVC1P" failures="0" tests="2" name="NewTest" time="5.922" errors="0" timestamp="16 Oct 2024 23:46:18 GMT" skipped="0">
  <testcase classname="NewTest" name="verifyTitle" time="3.049"/>
  <testcase classname="NewTest" name="verifyGmailLink" time="2.873"/>
</testsuite> <!-- NewTest -->
