<?xml version="1.0" encoding="UTF-8"?>
<!-- Generated by org.testng.reporters.JUnitReportReporter -->
<testsuite hostname="DESKTOP-VTBVC1P" failures="0" tests="2" name="DemoDP" time="9.350" errors="0" timestamp="15 Oct 2024 01:08:43 GMT" skipped="0">
  <testcase classname="DemoDP" name="myTest" time="4.854"/>
  <testcase classname="DemoDP" name="myTest" time="4.496"/>
</testsuite> <!-- DemoDP -->
