<?xml version="1.0" encoding="UTF-8"?>
<!-- Generated by org.testng.reporters.JUnitReportReporter -->
<testsuite hostname="DESKTOP-VTBVC1P" failures="0" tests="2" name="NewTest" time="4.731" errors="0" timestamp="2024-10-30T06:09:51 IST" skipped="0">
  <testcase classname="NewTest" name="verifyTitle" time="2.173"/>
  <testcase classname="NewTest" name="verifyGmailLink" time="2.558"/>
</testsuite> <!-- NewTest -->
